2021-04-06 20:26:05 - PHP Notice:  Undefined variable: child in /Applications/XAMPP/xamppfiles/htdocs/seesolutions/catalog/view/theme/default/template/common/header.tpl on line 96
2021-04-06 20:26:05 - PHP Notice:  Undefined variable: child in /Applications/XAMPP/xamppfiles/htdocs/seesolutions/catalog/view/theme/default/template/common/header.tpl on line 96
2021-04-06 20:26:05 - PHP Notice:  Undefined variable: child in /Applications/XAMPP/xamppfiles/htdocs/seesolutions/catalog/view/theme/default/template/common/header.tpl on line 96
2021-04-06 20:26:05 - PHP Notice:  Undefined variable: child in /Applications/XAMPP/xamppfiles/htdocs/seesolutions/catalog/view/theme/default/template/common/header.tpl on line 96
2021-04-06 20:26:05 - PHP Notice:  Undefined variable: child in /Applications/XAMPP/xamppfiles/htdocs/seesolutions/catalog/view/theme/default/template/common/header.tpl on line 96
2021-04-06 20:26:05 - PHP Notice:  Undefined variable: child in /Applications/XAMPP/xamppfiles/htdocs/seesolutions/catalog/view/theme/default/template/common/header.tpl on line 96
2021-04-06 20:26:05 - PHP Notice:  Undefined variable: child in /Applications/XAMPP/xamppfiles/htdocs/seesolutions/catalog/view/theme/default/template/common/header.tpl on line 96
2021-04-06 20:26:05 - PHP Notice:  Undefined variable: child in /Applications/XAMPP/xamppfiles/htdocs/seesolutions/catalog/view/theme/default/template/common/header.tpl on line 96
2021-04-06 20:26:05 - PHP Notice:  Undefined variable: child in /Applications/XAMPP/xamppfiles/htdocs/seesolutions/catalog/view/theme/default/template/common/header.tpl on line 96
2021-04-06 20:26:05 - PHP Notice:  Undefined variable: child in /Applications/XAMPP/xamppfiles/htdocs/seesolutions/catalog/view/theme/default/template/common/header.tpl on line 96
2021-04-06 20:26:05 - PHP Notice:  Undefined variable: child in /Applications/XAMPP/xamppfiles/htdocs/seesolutions/catalog/view/theme/default/template/common/header.tpl on line 96
2021-04-06 20:26:05 - PHP Notice:  Undefined variable: child in /Applications/XAMPP/xamppfiles/htdocs/seesolutions/catalog/view/theme/default/template/common/header.tpl on line 96
2021-04-06 20:26:05 - PHP Notice:  Undefined variable: child in /Applications/XAMPP/xamppfiles/htdocs/seesolutions/catalog/view/theme/default/template/common/header.tpl on line 96
2021-04-06 20:26:05 - PHP Notice:  Undefined variable: child in /Applications/XAMPP/xamppfiles/htdocs/seesolutions/catalog/view/theme/default/template/common/header.tpl on line 96
2021-04-06 20:26:15 - PHP Notice:  Undefined variable: child in /Applications/XAMPP/xamppfiles/htdocs/seesolutions/catalog/view/theme/default/template/common/header.tpl on line 96
2021-04-06 20:26:15 - PHP Notice:  Undefined variable: child in /Applications/XAMPP/xamppfiles/htdocs/seesolutions/catalog/view/theme/default/template/common/header.tpl on line 96
2021-04-06 20:26:15 - PHP Notice:  Undefined variable: child in /Applications/XAMPP/xamppfiles/htdocs/seesolutions/catalog/view/theme/default/template/common/header.tpl on line 96
2021-04-06 20:26:15 - PHP Notice:  Undefined variable: child in /Applications/XAMPP/xamppfiles/htdocs/seesolutions/catalog/view/theme/default/template/common/header.tpl on line 96
2021-04-06 20:26:15 - PHP Notice:  Undefined variable: child in /Applications/XAMPP/xamppfiles/htdocs/seesolutions/catalog/view/theme/default/template/common/header.tpl on line 96
2021-04-06 20:26:15 - PHP Notice:  Undefined variable: child in /Applications/XAMPP/xamppfiles/htdocs/seesolutions/catalog/view/theme/default/template/common/header.tpl on line 96
2021-04-06 20:26:15 - PHP Notice:  Undefined variable: child in /Applications/XAMPP/xamppfiles/htdocs/seesolutions/catalog/view/theme/default/template/common/header.tpl on line 96
2021-04-06 20:26:15 - PHP Notice:  Undefined variable: child in /Applications/XAMPP/xamppfiles/htdocs/seesolutions/catalog/view/theme/default/template/common/header.tpl on line 96
2021-04-06 20:26:15 - PHP Notice:  Undefined variable: child in /Applications/XAMPP/xamppfiles/htdocs/seesolutions/catalog/view/theme/default/template/common/header.tpl on line 96
2021-04-06 20:26:15 - PHP Notice:  Undefined variable: child in /Applications/XAMPP/xamppfiles/htdocs/seesolutions/catalog/view/theme/default/template/common/header.tpl on line 96
2021-04-06 20:26:15 - PHP Notice:  Undefined variable: child in /Applications/XAMPP/xamppfiles/htdocs/seesolutions/catalog/view/theme/default/template/common/header.tpl on line 96
2021-04-06 20:26:15 - PHP Notice:  Undefined variable: child in /Applications/XAMPP/xamppfiles/htdocs/seesolutions/catalog/view/theme/default/template/common/header.tpl on line 96
2021-04-06 20:26:15 - PHP Notice:  Undefined variable: child in /Applications/XAMPP/xamppfiles/htdocs/seesolutions/catalog/view/theme/default/template/common/header.tpl on line 96
2021-04-06 20:26:15 - PHP Notice:  Undefined variable: child in /Applications/XAMPP/xamppfiles/htdocs/seesolutions/catalog/view/theme/default/template/common/header.tpl on line 96
2021-04-07 9:17:34 - PHP Notice:  Undefined variable: logo in /Applications/XAMPP/xamppfiles/htdocs/seesolutions/catalog/view/theme/default/template/common/footer.tpl on line 49
2021-04-07 9:17:34 - PHP Notice:  Undefined variable: home in /Applications/XAMPP/xamppfiles/htdocs/seesolutions/catalog/view/theme/default/template/common/footer.tpl on line 52
2021-04-07 9:17:34 - PHP Notice:  Undefined variable: name in /Applications/XAMPP/xamppfiles/htdocs/seesolutions/catalog/view/theme/default/template/common/footer.tpl on line 52
2021-04-07 9:18:23 - PHP Notice:  Undefined variable: home in /Applications/XAMPP/xamppfiles/htdocs/seesolutions/catalog/view/theme/default/template/common/footer.tpl on line 49
2021-04-07 9:18:23 - PHP Notice:  Undefined variable: name in /Applications/XAMPP/xamppfiles/htdocs/seesolutions/catalog/view/theme/default/template/common/footer.tpl on line 49
2021-04-07 9:18:23 - PHP Notice:  Undefined variable: name in /Applications/XAMPP/xamppfiles/htdocs/seesolutions/catalog/view/theme/default/template/common/footer.tpl on line 49
2021-04-25 15:17:12 - PHP Warning:  fsockopen(): unable to connect to smtp.gmail.com:587 (Connection refused) in /home/nq3b4i7x0xwn/public_html/jaipurupdates.com/demo/seesolutions/system/library/mail.php on line 167
2021-04-25 15:17:55 - PHP Warning:  fsockopen(): unable to connect to smtp.gmail.com:587 (Connection refused) in /home/nq3b4i7x0xwn/public_html/jaipurupdates.com/demo/seesolutions/system/library/mail.php on line 167
2021-04-25 15:19:48 - PHP Warning:  fsockopen(): unable to connect to smtp.gmail.com:465 (Connection refused) in /home/nq3b4i7x0xwn/public_html/jaipurupdates.com/demo/seesolutions/system/library/mail.php on line 167
2021-04-25 15:20:30 - PHP Warning:  fsockopen(): unable to connect to ssl://smtp.gmail.com:465 (Connection refused) in /home/nq3b4i7x0xwn/public_html/jaipurupdates.com/demo/seesolutions/system/library/mail.php on line 167
2021-04-25 15:27:26 - PHP Warning:  fsockopen(): php_network_getaddresses: getaddrinfo failed: Name or service not known in /home/nq3b4i7x0xwn/public_html/jaipurupdates.com/demo/seesolutions/system/library/mail.php on line 167
2021-04-25 15:27:26 - PHP Warning:  fsockopen(): unable to connect to ssl://ssmtp.googlemail.com:465 (php_network_getaddresses: getaddrinfo failed: Name or service not known) in /home/nq3b4i7x0xwn/public_html/jaipurupdates.com/demo/seesolutions/system/library/mail.php on line 167
2021-04-25 15:28:52 - PHP Warning:  fsockopen(): unable to connect to smtp.gmail.com:587 (Connection refused) in /home/nq3b4i7x0xwn/public_html/jaipurupdates.com/demo/seesolutions/system/library/mail.php on line 167
2021-04-25 15:59:39 - PHP Warning:  fsockopen(): unable to connect to smtp.gmail.com:587 (Connection refused) in /home/nq3b4i7x0xwn/public_html/jaipurupdates.com/demo/seesolutions/system/library/mail.php on line 167
2021-04-25 16:00:43 - PHP Warning:  fsockopen(): unable to connect to ssl://smtp.gmail.com:465 (Connection refused) in /home/nq3b4i7x0xwn/public_html/jaipurupdates.com/demo/seesolutions/system/library/mail.php on line 167
2021-04-25 16:02:08 - PHP Warning:  fsockopen(): unable to connect to smtp.gmail.com:587 (Connection refused) in /home/nq3b4i7x0xwn/public_html/jaipurupdates.com/demo/seesolutions/system/library/mail.php on line 167
2021-04-25 16:04:19 - PHP Warning:  fsockopen(): unable to connect to smtp.gmail.com:587 (Connection refused) in /home/nq3b4i7x0xwn/public_html/jaipurupdates.com/demo/seesolutions/system/library/mail.php on line 167
2021-04-25 16:50:27 - PHP Warning:  fsockopen(): unable to connect to smtp-relay.gmail.com:587 (Connection refused) in /home/nq3b4i7x0xwn/public_html/jaipurupdates.com/demo/seesolutions/system/library/mail.php on line 167
2021-04-25 16:55:08 - PHP Warning:  fsockopen(): unable to connect to smtp-relay.gmail.com:587 (Connection refused) in /home/nq3b4i7x0xwn/public_html/jaipurupdates.com/demo/seesolutions/system/library/mail.php on line 167
2021-04-25 16:55:32 - PHP Warning:  fsockopen(): unable to connect to smtp-relay.gmail.com:587 (Connection refused) in /home/nq3b4i7x0xwn/public_html/jaipurupdates.com/demo/seesolutions/system/library/mail.php on line 167
2021-04-26 15:26:30 - PHP Warning:  fsockopen(): unable to connect to smtp.zoho.com:587 (Connection refused) in /home/nq3b4i7x0xwn/public_html/jaipurupdates.com/demo/seesolutions/system/library/mail.php on line 167
2021-04-26 15:27:28 - PHP Warning:  fsockopen(): unable to connect to smtp.zoho.in:587 (Connection refused) in /home/nq3b4i7x0xwn/public_html/jaipurupdates.com/demo/seesolutions/system/library/mail.php on line 167
2021-04-26 15:32:53 - PHP Warning:  fsockopen(): unable to connect to smtp.zoho.com:465 (Connection refused) in /home/nq3b4i7x0xwn/public_html/jaipurupdates.com/demo/seesolutions/system/library/mail.php on line 167
2021-04-26 15:33:29 - PHP Warning:  fsockopen(): unable to connect to smtp.zoho.com:587 (Connection refused) in /home/nq3b4i7x0xwn/public_html/jaipurupdates.com/demo/seesolutions/system/library/mail.php on line 167
2021-04-26 15:36:58 - PHP Warning:  fsockopen(): unable to connect to smtppro.zoho.in:587 (Connection refused) in /home/nq3b4i7x0xwn/public_html/jaipurupdates.com/demo/seesolutions/system/library/mail.php on line 167
2021-04-26 15:36:59 - PHP Warning:  fsockopen(): unable to connect to smtppro.zoho.in:587 (Connection refused) in /home/nq3b4i7x0xwn/public_html/jaipurupdates.com/demo/seesolutions/system/library/mail.php on line 167
2021-04-26 15:38:38 - PHP Warning:  fsockopen(): unable to connect to smtppro.zoho.in:2525 (Connection refused) in /home/nq3b4i7x0xwn/public_html/jaipurupdates.com/demo/seesolutions/system/library/mail.php on line 167
2021-04-26 15:43:51 - PHP Warning:  fsockopen(): unable to connect to smtppro.zoho.in:2525 (Connection refused) in /home/nq3b4i7x0xwn/public_html/jaipurupdates.com/demo/seesolutions/system/library/mail.php on line 167
2021-05-18 5:35:10 - PHP Notice:  Undefined variable: text_checkout_confirm in /home/nq3b4i7x0xwn/public_html/jaipurupdates.com/demo/seesolutions/catalog/view/theme/default/template/checkout/checkout_new.tpl on line 279
2021-05-18 5:39:09 - PHP Notice:  Undefined variable: text_checkout_confirm in /home/nq3b4i7x0xwn/public_html/jaipurupdates.com/demo/seesolutions/catalog/view/theme/default/template/checkout/checkout_new.tpl on line 279
2021-05-18 5:41:56 - PHP Notice:  Undefined variable: text_checkout_confirm in /home/nq3b4i7x0xwn/public_html/jaipurupdates.com/demo/seesolutions/catalog/view/theme/default/template/checkout/checkout_new.tpl on line 279
2021-05-18 5:42:03 - PHP Notice:  Undefined variable: text_checkout_confirm in /home/nq3b4i7x0xwn/public_html/jaipurupdates.com/demo/seesolutions/catalog/view/theme/default/template/checkout/checkout_new.tpl on line 279
2021-05-18 5:42:30 - PHP Notice:  Undefined variable: text_checkout_confirm in /home/nq3b4i7x0xwn/public_html/jaipurupdates.com/demo/seesolutions/catalog/view/theme/default/template/checkout/checkout_new.tpl on line 279
2021-05-18 5:42:38 - PHP Notice:  Undefined variable: text_checkout_confirm in /home/nq3b4i7x0xwn/public_html/jaipurupdates.com/demo/seesolutions/catalog/view/theme/default/template/checkout/checkout_new.tpl on line 279
2021-05-18 5:43:15 - PHP Notice:  Undefined variable: text_checkout_confirm in /home/nq3b4i7x0xwn/public_html/jaipurupdates.com/demo/seesolutions/catalog/view/theme/default/template/checkout/checkout_new.tpl on line 279
2021-05-18 5:43:36 - PHP Notice:  Undefined variable: text_checkout_confirm in /home/nq3b4i7x0xwn/public_html/jaipurupdates.com/demo/seesolutions/catalog/view/theme/default/template/checkout/checkout_new.tpl on line 279
2021-05-18 6:02:17 - PHP Notice:  Undefined variable: text_checkout_confirm in /home/nq3b4i7x0xwn/public_html/jaipurupdates.com/demo/seesolutions/catalog/view/theme/default/template/checkout/checkout_new.tpl on line 279
2021-05-18 6:05:14 - PHP Notice:  Undefined variable: text_checkout_confirm in /home/nq3b4i7x0xwn/public_html/jaipurupdates.com/demo/seesolutions/catalog/view/theme/default/template/checkout/checkout_new.tpl on line 279
2021-05-18 6:05:52 - PHP Notice:  Undefined variable: text_checkout_confirm in /home/nq3b4i7x0xwn/public_html/jaipurupdates.com/demo/seesolutions/catalog/view/theme/default/template/checkout/checkout_new.tpl on line 279
2021-05-18 6:08:07 - PHP Warning:  A non-numeric value encountered in /home/nq3b4i7x0xwn/public_html/jaipurupdates.com/demo/seesolutions/admin/controller/sale/order.php on line 1956
2021-05-18 6:08:21 - PHP Warning:  A non-numeric value encountered in /home/nq3b4i7x0xwn/public_html/jaipurupdates.com/demo/seesolutions/admin/controller/sale/order.php on line 1956
2021-05-18 8:19:52 - PHP Notice:  Undefined variable: text_checkout_confirm in /home/nq3b4i7x0xwn/public_html/jaipurupdates.com/demo/seesolutions/catalog/view/theme/default/template/checkout/checkout_new.tpl on line 279
2021-05-18 8:20:29 - PHP Notice:  Undefined variable: text_checkout_confirm in /home/nq3b4i7x0xwn/public_html/jaipurupdates.com/demo/seesolutions/catalog/view/theme/default/template/checkout/checkout_new.tpl on line 279
2021-05-18 8:22:12 - PHP Warning:  A non-numeric value encountered in /home/nq3b4i7x0xwn/public_html/jaipurupdates.com/demo/seesolutions/admin/controller/sale/order.php on line 1956
2021-05-20 6:54:49 - PHP Notice:  Undefined variable: text_checkout_confirm in /home/nq3b4i7x0xwn/public_html/jaipurupdates.com/demo/seesolutions/catalog/view/theme/default/template/checkout/checkout_new.tpl on line 279
2021-05-20 7:00:01 - PHP Notice:  Undefined variable: text_checkout_confirm in /home/nq3b4i7x0xwn/public_html/jaipurupdates.com/demo/seesolutions/catalog/view/theme/default/template/checkout/checkout_new.tpl on line 279
2021-05-20 7:00:09 - PHP Notice:  Undefined variable: text_checkout_confirm in /home/nq3b4i7x0xwn/public_html/jaipurupdates.com/demo/seesolutions/catalog/view/theme/default/template/checkout/checkout_new.tpl on line 279
2021-05-20 9:12:13 - PHP Notice:  Undefined variable: text_checkout_confirm in /home/nq3b4i7x0xwn/public_html/jaipurupdates.com/demo/seesolutions/catalog/view/theme/default/template/checkout/checkout_new.tpl on line 279
2021-05-20 11:30:42 - PHP Notice:  Undefined variable: text_checkout_confirm in /home/nq3b4i7x0xwn/public_html/jaipurupdates.com/demo/seesolutions/catalog/view/theme/default/template/checkout/checkout_new.tpl on line 279
2021-05-20 11:30:48 - PHP Notice:  Undefined variable: text_checkout_confirm in /home/nq3b4i7x0xwn/public_html/jaipurupdates.com/demo/seesolutions/catalog/view/theme/default/template/checkout/checkout_new.tpl on line 279
2021-05-20 11:34:19 - PHP Notice:  Undefined variable: text_checkout_confirm in /home/nq3b4i7x0xwn/public_html/jaipurupdates.com/demo/seesolutions/catalog/view/theme/default/template/checkout/checkout_new.tpl on line 279
2021-05-20 11:39:01 - PHP Notice:  Undefined variable: text_checkout_confirm in /home/nq3b4i7x0xwn/public_html/jaipurupdates.com/demo/seesolutions/catalog/view/theme/default/template/checkout/checkout_new.tpl on line 279
2021-05-20 11:41:11 - PHP Notice:  Undefined variable: text_checkout_confirm in /home/nq3b4i7x0xwn/public_html/jaipurupdates.com/demo/seesolutions/catalog/view/theme/default/template/checkout/checkout_new.tpl on line 279
2021-05-20 11:42:27 - PHP Notice:  Undefined variable: text_checkout_confirm in /home/nq3b4i7x0xwn/public_html/jaipurupdates.com/demo/seesolutions/catalog/view/theme/default/template/checkout/checkout_new.tpl on line 279
2021-05-20 11:45:36 - PHP Notice:  Undefined variable: text_checkout_confirm in /home/nq3b4i7x0xwn/public_html/jaipurupdates.com/demo/seesolutions/catalog/view/theme/default/template/checkout/checkout_new.tpl on line 279
2021-05-20 11:46:15 - PHP Notice:  Undefined variable: text_checkout_confirm in /home/nq3b4i7x0xwn/public_html/jaipurupdates.com/demo/seesolutions/catalog/view/theme/default/template/checkout/checkout_new.tpl on line 279
2021-05-20 12:06:22 - PHP Notice:  Undefined variable: text_checkout_confirm in /home/nq3b4i7x0xwn/public_html/jaipurupdates.com/demo/seesolutions/catalog/view/theme/default/template/checkout/checkout_new.tpl on line 279
2021-05-20 12:06:57 - PHP Notice:  Undefined variable: text_checkout_confirm in /home/nq3b4i7x0xwn/public_html/jaipurupdates.com/demo/seesolutions/catalog/view/theme/default/template/checkout/checkout_new.tpl on line 279
2021-05-20 12:07:18 - PHP Notice:  Undefined variable: text_checkout_confirm in /home/nq3b4i7x0xwn/public_html/jaipurupdates.com/demo/seesolutions/catalog/view/theme/default/template/checkout/checkout_new.tpl on line 279
2021-05-20 12:14:24 - PHP Notice:  Undefined variable: text_checkout_confirm in /home/nq3b4i7x0xwn/public_html/jaipurupdates.com/demo/seesolutions/catalog/view/theme/default/template/checkout/checkout_new.tpl on line 279
2021-05-20 12:15:02 - PHP Notice:  Undefined variable: text_checkout_confirm in /home/nq3b4i7x0xwn/public_html/jaipurupdates.com/demo/seesolutions/catalog/view/theme/default/template/checkout/checkout_new.tpl on line 279
2021-05-20 12:15:38 - PHP Notice:  Undefined variable: text_checkout_confirm in /home/nq3b4i7x0xwn/public_html/jaipurupdates.com/demo/seesolutions/catalog/view/theme/default/template/checkout/checkout_new.tpl on line 279
2021-05-20 12:29:21 - PHP Warning:  Use of undefined constant HTTP_TEST - assumed 'HTTP_TEST' (this will throw an Error in a future version of PHP) in /home/nq3b4i7x0xwn/public_html/jaipurupdates.com/demo/seesolutions/admin/controller/extension/store.php on line 76
2021-05-20 12:29:59 - PHP Warning:  Use of undefined constant HTTP_TEST - assumed 'HTTP_TEST' (this will throw an Error in a future version of PHP) in /home/nq3b4i7x0xwn/public_html/jaipurupdates.com/demo/seesolutions/admin/controller/extension/store.php on line 76
2021-05-20 12:31:41 - PHP Notice:  Undefined variable: text_checkout_confirm in /home/nq3b4i7x0xwn/public_html/jaipurupdates.com/demo/seesolutions/catalog/view/theme/default/template/checkout/checkout_new.tpl on line 279
2021-05-24 6:14:06 - PHP Notice:  Undefined variable: text_checkout_confirm in /home/nq3b4i7x0xwn/public_html/jaipurupdates.com/demo/seesolutions/catalog/view/theme/default/template/checkout/checkout_new.tpl on line 279
2021-05-24 6:18:07 - PHP Warning:  Use of undefined constant HTTP_TEST - assumed 'HTTP_TEST' (this will throw an Error in a future version of PHP) in /home/nq3b4i7x0xwn/public_html/jaipurupdates.com/demo/seesolutions/admin/controller/extension/store.php on line 76
2021-05-24 6:18:31 - PHP Warning:  Use of undefined constant HTTP_TEST - assumed 'HTTP_TEST' (this will throw an Error in a future version of PHP) in /home/nq3b4i7x0xwn/public_html/jaipurupdates.com/demo/seesolutions/admin/controller/extension/store.php on line 76
2021-05-24 6:19:31 - PHP Notice:  Undefined variable: text_checkout_confirm in /home/nq3b4i7x0xwn/public_html/jaipurupdates.com/demo/seesolutions/catalog/view/theme/default/template/checkout/checkout_new.tpl on line 279
2021-05-24 6:20:50 - PHP Notice:  Undefined variable: text_checkout_confirm in /home/nq3b4i7x0xwn/public_html/jaipurupdates.com/demo/seesolutions/catalog/view/theme/default/template/checkout/checkout_new.tpl on line 279
2021-05-24 6:21:07 - PHP Notice:  Undefined variable: text_checkout_confirm in /home/nq3b4i7x0xwn/public_html/jaipurupdates.com/demo/seesolutions/catalog/view/theme/default/template/checkout/checkout_new.tpl on line 279
2021-05-24 6:23:07 - PHP Notice:  Undefined variable: text_checkout_confirm in /home/nq3b4i7x0xwn/public_html/jaipurupdates.com/demo/seesolutions/catalog/view/theme/default/template/checkout/checkout_new.tpl on line 279
2021-05-24 6:23:30 - PHP Notice:  Undefined variable: text_checkout_confirm in /home/nq3b4i7x0xwn/public_html/jaipurupdates.com/demo/seesolutions/catalog/view/theme/default/template/checkout/checkout_new.tpl on line 279
2021-05-24 6:25:04 - PHP Notice:  Undefined variable: text_checkout_confirm in /home/nq3b4i7x0xwn/public_html/jaipurupdates.com/demo/seesolutions/catalog/view/theme/default/template/checkout/checkout_new.tpl on line 279
2021-05-24 6:25:32 - PHP Notice:  Undefined variable: text_checkout_confirm in /home/nq3b4i7x0xwn/public_html/jaipurupdates.com/demo/seesolutions/catalog/view/theme/default/template/checkout/checkout_new.tpl on line 279
2021-05-24 6:26:04 - PHP Notice:  Undefined variable: text_checkout_confirm in /home/nq3b4i7x0xwn/public_html/jaipurupdates.com/demo/seesolutions/catalog/view/theme/default/template/checkout/checkout_new.tpl on line 279
2021-05-24 6:26:22 - PHP Notice:  Undefined variable: text_checkout_confirm in /home/nq3b4i7x0xwn/public_html/jaipurupdates.com/demo/seesolutions/catalog/view/theme/default/template/checkout/checkout_new.tpl on line 279
2021-05-24 6:27:10 - PHP Notice:  Undefined variable: text_checkout_confirm in /home/nq3b4i7x0xwn/public_html/jaipurupdates.com/demo/seesolutions/catalog/view/theme/default/template/checkout/checkout_new.tpl on line 279
2021-05-24 6:31:27 - PHP Notice:  Undefined variable: text_checkout_confirm in /home/nq3b4i7x0xwn/public_html/jaipurupdates.com/demo/seesolutions/catalog/view/theme/default/template/checkout/checkout_new.tpl on line 279
2021-05-24 6:31:40 - PHP Notice:  Undefined variable: text_checkout_confirm in /home/nq3b4i7x0xwn/public_html/jaipurupdates.com/demo/seesolutions/catalog/view/theme/default/template/checkout/checkout_new.tpl on line 279
2021-05-24 6:31:52 - PHP Notice:  Undefined variable: text_checkout_confirm in /home/nq3b4i7x0xwn/public_html/jaipurupdates.com/demo/seesolutions/catalog/view/theme/default/template/checkout/checkout_new.tpl on line 279
2021-05-24 6:32:12 - PHP Notice:  Undefined variable: text_checkout_confirm in /home/nq3b4i7x0xwn/public_html/jaipurupdates.com/demo/seesolutions/catalog/view/theme/default/template/checkout/checkout_new.tpl on line 279
2021-05-25 7:10:25 - PHP Notice:  Undefined variable: text_checkout_confirm in /home/nq3b4i7x0xwn/public_html/jaipurupdates.com/demo/seesolutions/catalog/view/theme/default/template/checkout/checkout_new.tpl on line 279
2021-06-01 8:33:15 - PHP Notice:  Undefined variable: text_checkout_confirm in /home/nq3b4i7x0xwn/public_html/jaipurupdates.com/demo/seesolutions/catalog/view/theme/default/template/checkout/checkout_new.tpl on line 279
2021-06-05 13:02:59 - PHP Notice:  Undefined variable: text_checkout_confirm in /Applications/XAMPP/xamppfiles/htdocs/seesolutions/catalog/view/theme/default/template/checkout/checkout_new.tpl on line 279
2021-06-05 13:03:33 - PHP Notice:  Undefined variable: text_checkout_confirm in /Applications/XAMPP/xamppfiles/htdocs/seesolutions/catalog/view/theme/default/template/checkout/checkout_new.tpl on line 279
2021-06-05 13:04:17 - PHP Notice:  Undefined variable: text_checkout_confirm in /Applications/XAMPP/xamppfiles/htdocs/seesolutions/catalog/view/theme/default/template/checkout/checkout_new.tpl on line 279
2021-06-05 13:04:30 - PHP Notice:  Undefined variable: text_checkout_confirm in /Applications/XAMPP/xamppfiles/htdocs/seesolutions/catalog/view/theme/default/template/checkout/checkout_new.tpl on line 279
2021-06-18 6:18:05 - PHP Notice:  Undefined variable: url in /home/admin/web/seesolutions.in/public_html/admin/controller/catalog/product.php on line 1696
2021-06-28 12:05:04 - PHP Warning:  realpath(): open_basedir restriction in effect. File(/tmp) is not within the allowed path(s): (/home/admin/web/seesolutions.in/public_html:/home/admin/tmp) in /home/admin/web/seesolutions.in/public_html/system/PHPExcel/Classes/PHPExcel/Shared/File.php on line 178
2021-06-28 12:05:04 - PHP Warning:  tempnam(): open_basedir restriction in effect. File() is not within the allowed path(s): (/home/admin/web/seesolutions.in/public_html:/home/admin/tmp) in /home/admin/web/seesolutions.in/public_html/system/PHPExcel/Classes/PHPExcel/Writer/Excel2007.php on line 190
2021-06-28 12:05:04 - PHP Warning:  ZipArchive::close(): Failure to create temporary file: No such file or directory in /home/admin/web/seesolutions.in/public_html/system/PHPExcel/Classes/PHPExcel/Writer/Excel2007.php on line 388
2021-06-28 12:05:04 - PHP PHPExcel_Writer_Exception:  Could not close zip file php://output. in /home/admin/web/seesolutions.in/public_html/system/PHPExcel/Classes/PHPExcel/Writer/Excel2007.php on line 389
2021-06-28 12:05:32 - PHP Warning:  realpath(): open_basedir restriction in effect. File(/tmp) is not within the allowed path(s): (/home/admin/web/seesolutions.in/public_html:/home/admin/tmp) in /home/admin/web/seesolutions.in/public_html/system/PHPExcel/Classes/PHPExcel/Shared/File.php on line 178
2021-06-28 12:05:32 - PHP Warning:  tempnam(): open_basedir restriction in effect. File() is not within the allowed path(s): (/home/admin/web/seesolutions.in/public_html:/home/admin/tmp) in /home/admin/web/seesolutions.in/public_html/system/PHPExcel/Classes/PHPExcel/Writer/Excel2007.php on line 190
2021-06-28 12:05:32 - PHP Warning:  ZipArchive::close(): Failure to create temporary file: No such file or directory in /home/admin/web/seesolutions.in/public_html/system/PHPExcel/Classes/PHPExcel/Writer/Excel2007.php on line 388
2021-06-28 12:05:32 - PHP PHPExcel_Writer_Exception:  Could not close zip file php://output. in /home/admin/web/seesolutions.in/public_html/system/PHPExcel/Classes/PHPExcel/Writer/Excel2007.php on line 389
2022-09-18 18:25:09 - PHP Warning:  Use of undefined constant HTTP_TEST - assumed 'HTTP_TEST' (this will throw an Error in a future version of PHP) in /home/admin/web/seesolutions.in/public_html/admin/controller/extension/store.php on line 76
